<?xml version="1.0" encoding="UTF-8"?>
<!-- Generated by org.testng.reporters.JUnitReportReporter -->
<testsuite hostname="DESKTOP-JR4NTLS" failures="0" tests="1" name="com.testscenarios.AutomationPracticeCreateAccount" time="26.908" errors="0" timestamp="2021-04-12T07:40:25 CDT" skipped="0">
  <testcase classname="com.testscenarios.AutomationPracticeCreateAccount" name="f" time="26.908"/>
  <system-out/>
</testsuite> <!-- com.testscenarios.AutomationPracticeCreateAccount -->
