<?xml version="1.0" encoding="UTF-8"?>
<!-- Generated by org.testng.reporters.JUnitReportReporter -->
<testsuite hostname="DESKTOP-JR4NTLS" failures="0" tests="1" name="com.testscenarios.dragNdrop" time="9.470" errors="0" timestamp="2021-04-09T07:36:28 CDT" skipped="0">
  <testcase classname="com.testscenarios.dragNdrop" name="f" time="9.470"/>
  <system-out/>
</testsuite> <!-- com.testscenarios.dragNdrop -->
