<?xml version="1.0" encoding="UTF-8"?>
<!-- Generated by org.testng.reporters.JUnitReportReporter -->
<testsuite hostname="LAPTOP-8N6FEN18" failures="0" tests="1" name="com.testscenarios.TTD" time="10.632" errors="0" timestamp="2021-03-23T05:34:56 IST" skipped="0">
  <testcase classname="com.testscenarios.TTD" name="f" time="10.632"/>
  <system-out/>
</testsuite> <!-- com.testscenarios.TTD -->
