<?xml version="1.0" encoding="UTF-8"?>
<!-- Generated by org.testng.reporters.JUnitReportReporter -->
<testsuite hostname="LAPTOP-8N6FEN18" failures="0" tests="1" name="com.testscenarios.FBLOGIN" time="4.852" errors="0" timestamp="2021-03-19T05:32:06 IST" skipped="0">
  <testcase classname="com.testscenarios.FBLOGIN" name="fblogin" time="4.852"/>
  <system-out/>
</testsuite> <!-- com.testscenarios.FBLOGIN -->
