<?xml version="1.0" encoding="UTF-8"?>
<!-- Generated by org.testng.reporters.JUnitReportReporter -->
<testsuite hostname="LAPTOP-8N6FEN18" failures="0" tests="2" name="com.testscenarios.FBLOGIN" time="32.505" errors="0" timestamp="2021-03-23T05:40:07 IST" skipped="0">
  <testcase classname="com.testscenarios.FBLOGIN" name="fblogin" time="18.066"/>
  <system-out/>
  <testcase classname="com.testscenarios.FBLOGIN" name="f" time="14.439"/>
  <system-out/>
</testsuite> <!-- com.testscenarios.FBLOGIN -->
