<?xml version="1.0" encoding="UTF-8"?>
<!-- Generated by org.testng.reporters.JUnitReportReporter -->
<testsuite hostname="DESKTOP-JR4NTLS" failures="0" tests="1" name="com.testscenarios.ClassTemplate3" time="17.930" errors="0" timestamp="2021-04-10T11:56:42 CDT" skipped="0">
  <testcase classname="com.testscenarios.ClassTemplate3" name="f" time="17.930"/>
  <system-out/>
</testsuite> <!-- com.testscenarios.ClassTemplate3 -->
