<?xml version="1.0" encoding="UTF-8"?>
<!-- Generated by org.testng.reporters.JUnitReportReporter -->
<testsuite hostname="DESKTOP-JR4NTLS" failures="0" tests="1" name="com.testscenarios.Automationpracticesignin" time="12.222" errors="0" timestamp="2021-04-12T07:31:19 CDT" skipped="0">
  <testcase classname="com.testscenarios.Automationpracticesignin" name="f" time="12.222"/>
  <system-out/>
</testsuite> <!-- com.testscenarios.Automationpracticesignin -->
